c:\users\zanelul\source\repos\luminacsgo\luminacsgo\debug\vc142.pdb
c:\users\zanelul\source\repos\luminacsgo\luminacsgo\debug\vc142.idb
c:\users\zanelul\source\repos\luminacsgo\luminacsgo\debug\imgui_widgets.obj
c:\users\zanelul\source\repos\luminacsgo\luminacsgo\debug\imgui_impl_win32.obj
c:\users\zanelul\source\repos\luminacsgo\luminacsgo\debug\imgui_impl_dx9.obj
c:\users\zanelul\source\repos\luminacsgo\luminacsgo\debug\imgui_draw.obj
c:\users\zanelul\source\repos\luminacsgo\luminacsgo\debug\imgui_demo.obj
c:\users\zanelul\source\repos\luminacsgo\luminacsgo\debug\imgui.obj
c:\users\zanelul\source\repos\luminacsgo\luminacsgo\debug\dllmain.obj
c:\users\zanelul\source\repos\luminacsgo\luminacsgo\debug\trampoline.obj
c:\users\zanelul\source\repos\luminacsgo\luminacsgo\debug\hook.obj
c:\users\zanelul\source\repos\luminacsgo\luminacsgo\debug\hde64.obj
c:\users\zanelul\source\repos\luminacsgo\luminacsgo\debug\hde32.obj
c:\users\zanelul\source\repos\luminacsgo\luminacsgo\debug\buffer.obj
c:\users\zanelul\source\repos\luminacsgo\debug\luminacsgo.dll
c:\users\zanelul\source\repos\luminacsgo\luminacsgo\debug\luminacsgo.ilk
c:\users\zanelul\source\repos\luminacsgo\debug\luminacsgo.pdb
c:\users\zanelul\source\repos\luminacsgo\luminacsgo\debug\minhook.res
c:\users\zanelul\source\repos\luminacsgo\luminacsgo\debug\luminacsgo.tlog\cl.command.1.tlog
c:\users\zanelul\source\repos\luminacsgo\luminacsgo\debug\luminacsgo.tlog\cl.read.1.tlog
c:\users\zanelul\source\repos\luminacsgo\luminacsgo\debug\luminacsgo.tlog\cl.write.1.tlog
c:\users\zanelul\source\repos\luminacsgo\luminacsgo\debug\luminacsgo.tlog\link.command.1.tlog
c:\users\zanelul\source\repos\luminacsgo\luminacsgo\debug\luminacsgo.tlog\link.read.1.tlog
c:\users\zanelul\source\repos\luminacsgo\luminacsgo\debug\luminacsgo.tlog\link.write.1.tlog
c:\users\zanelul\source\repos\luminacsgo\luminacsgo\debug\luminacsgo.tlog\rc.command.1.tlog
c:\users\zanelul\source\repos\luminacsgo\luminacsgo\debug\luminacsgo.tlog\rc.read.1.tlog
c:\users\zanelul\source\repos\luminacsgo\luminacsgo\debug\luminacsgo.tlog\rc.write.1.tlog
